<?xml version="1.0" encoding="UTF-8"?>
<!-- Generated by org.testng.reporters.JUnitReportReporter -->
<testsuite hostname="Joms-Air.station" failures="0" tests="1" name="tests.LoginTest" time="31.997" errors="0" timestamp="2023-10-14T12:10:27 IST" skipped="0">
  <testcase classname="tests.LoginTest" name="testLogin" time="31.997"/>
</testsuite> <!-- tests.LoginTest -->
