<?xml version="1.0" encoding="UTF-8"?>
<!-- Generated by org.testng.reporters.JUnitReportReporter -->
<testsuite hostname="Joms-Air.station" failures="0" tests="1" name="tests.LoginTest" time="16.779" errors="0" timestamp="2023-08-20T11:50:19 IST" skipped="0">
  <testcase classname="tests.LoginTest" name="testLogin" time="16.779"/>
</testsuite> <!-- tests.LoginTest -->
