<?xml version="1.0" encoding="UTF-8"?>
<!-- Generated by org.testng.reporters.JUnitReportReporter -->
<testsuite hostname="Joms-Air.station" failures="0" tests="1" name="tests.MultipleWindowsTest" time="16.799" errors="0" timestamp="2023-10-15T13:03:10 IST" skipped="0">
  <testcase classname="tests.MultipleWindowsTest" name="testMultipleWindows" time="16.799"/>
</testsuite> <!-- tests.MultipleWindowsTest -->
